<?xml version="1.0" encoding="UTF-8"?>
<testsuite name="com.tenniscourts.reservations.ReservationServiceTest" tests="1" skipped="0" failures="0" errors="0" timestamp="2021-09-30T07:19:14" hostname="CENW10NAB039488" time="0.336">
  <properties/>
  <testcase name="getRefundValueFullRefund" classname="com.tenniscourts.reservations.ReservationServiceTest" time="0.336"/>
  <system-out><![CDATA[]]></system-out>
  <system-err><![CDATA[]]></system-err>
</testsuite>
